8/8/2023, 16:02:50 IST - [ERROR] - Error detected for email: teacher@example.com
8/8/2023, 16:03:28 IST - [INSERT] - Teacher Data is inserted for email: teacher@example.com
8/8/2023, 16:05:53 IST - [FOUND] - Teacher data already present for email: teacher@example.com
20/9/2023, 11:37:05 IST - [ERROR] - Error detected for email: undefined
20/9/2023, 11:37:51 IST - [INSERT] - Teacher Data is inserted for email: kriti@gmail.com
20/9/2023, 12:07:13 IST - [INSERT] - Teacher Data is inserted for email: kriti@gmail.com
20/9/2023, 12:17:51 IST - [READ] - Read data for id: 9129906830
20/9/2023, 12:17:52 IST - [READ] - Read data for id: 9129906830
20/9/2023, 12:18:29 IST - [READ] - Read data for id: 9129906830
20/9/2023, 12:18:30 IST - [READ] - Read data for id: 9129906830
20/9/2023, 12:19:14 IST - [READ] - Read data for id: 9129906830
20/9/2023, 12:19:15 IST - [READ] - Read data for id: 9129906830
20/9/2023, 12:20:04 IST - [READ] - Read data for id: 9129906830
20/9/2023, 12:20:05 IST - [READ] - Read data for id: 9129906830
20/9/2023, 12:20:07 IST - [READ] - Read data for id: 9129906830
20/9/2023, 12:20:07 IST - [READ] - Read data for id: 9129906830
20/9/2023, 12:20:19 IST - [READ] - Read data for id: 9129906830
20/9/2023, 12:20:22 IST - [READ] - Read data for id: 9129906830
20/9/2023, 12:20:22 IST - [READ] - Read data for id: 9129906830
20/9/2023, 12:20:24 IST - [READ] - Read data for id: 9129906830
20/9/2023, 12:20:45 IST - [READ] - Read data for id: 9129906830
20/9/2023, 12:20:55 IST - [READ] - Read data for id: 9129906830
20/9/2023, 12:44:49 IST - [EMPTY] - class not found for id: 9129906830 
20/9/2023, 12:44:49 IST - [READ] - Read data for id: 9129906830
20/9/2023, 12:44:55 IST - [READ] - Read data for id: 9129906830
20/9/2023, 12:44:56 IST - [READ] - Read data for id: 9129906830
20/9/2023, 12:45:44 IST - [READ] - Read data for id: 9129906830
20/9/2023, 12:45:45 IST - [READ] - Read data for id: 9129906830
20/9/2023, 12:45:47 IST - [READ] - Read data for id: 9129906830
20/9/2023, 12:45:52 IST - [READ] - Read data for id: 9129906830
20/9/2023, 12:45:52 IST - [READ] - Read data for id: 9129906830
20/9/2023, 12:46:02 IST - [READ] - Read data for id: 9129906830
20/9/2023, 12:46:02 IST - [READ] - Read data for id: 9129906830
20/9/2023, 12:46:08 IST - [READ] - Read data for id: 9129906830
20/9/2023, 12:46:08 IST - [READ] - Read data for id: 9129906830
20/9/2023, 12:46:15 IST - [READ] - Read data for id: 9129906830
20/9/2023, 12:46:16 IST - [READ] - Read data for id: 9129906830
20/9/2023, 12:46:19 IST - [READ] - Read data for id: 9129906830
20/9/2023, 12:46:19 IST - [READ] - Read data for id: 9129906830
20/9/2023, 12:46:37 IST - [READ] - Read data for id: 9129906830
20/9/2023, 12:46:37 IST - [READ] - Read data for id: 9129906830
20/9/2023, 12:47:11 IST - [READ] - Read data for id: 9129906830
20/9/2023, 12:47:11 IST - [READ] - Read data for id: 9129906830
20/9/2023, 12:47:16 IST - [READ] - Read data for id: 9129906830
20/9/2023, 12:47:16 IST - [READ] - Read data for id: 9129906830
20/9/2023, 12:58:57 IST - [READ] - Read data for id: 9129906830
20/9/2023, 12:58:58 IST - [READ] - Read data for id: 9129906830
20/9/2023, 12:59:01 IST - [READ] - Read data for id: 9129906830
20/9/2023, 12:59:02 IST - [READ] - Read data for id: 9129906830
20/9/2023, 12:59:36 IST - [READ] - Read data for id: 9129906830
20/9/2023, 12:59:37 IST - [READ] - Read data for id: 9129906830
20/9/2023, 13:00:17 IST - [READ] - Read data for id: 9129906830
20/9/2023, 13:00:17 IST - [READ] - Read data for id: 9129906830
20/9/2023, 13:00:24 IST - [READ] - Read data for id: 9129906830
20/9/2023, 13:00:28 IST - [READ] - Read data for id: 9129906830
20/9/2023, 13:00:56 IST - [READ] - Read data for id: 9129906830
20/9/2023, 13:00:57 IST - [READ] - Read data for id: 9129906830
20/9/2023, 13:00:57 IST - [READ] - Read data for id: 9129906830
20/9/2023, 13:00:57 IST - [READ] - Read data for id: 9129906830
20/9/2023, 13:01:07 IST - [READ] - Read data for id: 9129906830
20/9/2023, 13:01:10 IST - [READ] - Read data for id: 9129906830
20/9/2023, 13:01:10 IST - [READ] - Read data for id: 9129906830
20/9/2023, 13:01:42 IST - [READ] - Read data for id: 9129906830
20/9/2023, 13:01:43 IST - [READ] - Read data for id: 9129906830
20/9/2023, 13:02:20 IST - [READ] - Read data for id: 9129906830
20/9/2023, 13:02:21 IST - [READ] - Read data for id: 9129906830
20/9/2023, 13:02:38 IST - [READ] - Read data for id: 9129906830
20/9/2023, 13:02:50 IST - [READ] - Read data for id: 9129906830
20/9/2023, 13:04:42 IST - [READ] - Read data for id: 9129906830
20/9/2023, 13:04:53 IST - [READ] - Read data for id: 9129906830
20/9/2023, 13:04:53 IST - [READ] - Read data for id: 9129906830
20/9/2023, 13:05:41 IST - [INSERT] - Teacher Data is inserted for email: krishna966120@gmail.com
20/9/2023, 13:05:47 IST - [READ] - Read data for id: 9129906830
20/9/2023, 13:05:47 IST - [READ] - Read data for id: 9129906830
20/9/2023, 13:09:18 IST - [READ] - Read data for id: 9129906830
20/9/2023, 13:09:19 IST - [READ] - Read data for id: 9129906830
20/9/2023, 13:09:49 IST - [READ] - Read data for id: 9129906830
20/9/2023, 13:09:50 IST - [READ] - Read data for id: 9129906830
20/9/2023, 13:11:15 IST - [READ] - Read data for id: 9129906830
20/9/2023, 13:11:55 IST - [READ] - Read data for id: 9129906830
20/9/2023, 13:11:55 IST - [READ] - Read data for id: 9129906830
20/9/2023, 13:13:07 IST - [READ] - Read data for id: 9129906830
20/9/2023, 13:15:18 IST - [READ] - Read data for id: 9129906830
20/9/2023, 13:15:18 IST - [READ] - Read data for id: 9129906830
20/9/2023, 13:15:30 IST - [READ] - Read data for id: 9129906830
20/9/2023, 13:15:30 IST - [READ] - Read data for id: 9129906830
20/9/2023, 13:15:35 IST - [READ] - Read data for id: 9129906830
20/9/2023, 13:15:37 IST - [READ] - Read data for id: 9129906830
20/9/2023, 13:15:43 IST - [READ] - Read data for id: 9129906830
20/9/2023, 13:16:17 IST - [READ] - Read data for id: 9129906830
20/9/2023, 13:16:18 IST - [READ] - Read data for id: 9129906830
20/9/2023, 13:17:13 IST - [READ] - Read data for id: 9129906830
20/9/2023, 13:17:13 IST - [READ] - Read data for id: 9129906830
20/9/2023, 13:18:41 IST - [INSERT] - Teacher Data is inserted for email: krishna@gmail.com
20/9/2023, 13:18:42 IST - [READ] - Read data for id: 9129906830
20/9/2023, 13:30:31 IST - [READ] - Read data for id: 9129906830
20/9/2023, 13:30:32 IST - [READ] - Read data for id: 9129906830
20/9/2023, 13:33:31 IST - [READ] - Read data for id: 9129906830
20/9/2023, 13:33:31 IST - [READ] - Read data for id: 9129906830
20/9/2023, 13:38:26 IST - [READ] - Read data for id: 9129906830
20/9/2023, 13:38:27 IST - [READ] - Read data for id: 9129906830
20/9/2023, 13:42:19 IST - [READ] - Read data for id: 9129906830
20/9/2023, 13:42:20 IST - [READ] - Read data for id: 9129906830
20/9/2023, 13:57:52 IST - [READ] - Read data for id: 9129906830
20/9/2023, 13:57:52 IST - [READ] - Read data for id: 9129906830
20/9/2023, 14:06:19 IST - [READ] - Read data for id: 9129906830
20/9/2023, 14:06:19 IST - [READ] - Read data for id: 9129906830
20/9/2023, 14:11:48 IST - [READ] - Read data for id: 9129906830
20/9/2023, 14:11:48 IST - [READ] - Read data for id: 9129906830
20/9/2023, 14:33:36 IST - [ERROR] - Error detected for email: undefined
20/9/2023, 14:36:54 IST - [ERROR] - Error detected for email: undefined
20/9/2023, 14:37:23 IST - [ERROR] - Error detected for email: undefined
20/9/2023, 14:39:41 IST - [ERROR] - Error uploading file for email: undefined
20/9/2023, 14:42:32 IST - [ERROR] - Error uploading file for email: undefined
20/9/2023, 14:44:33 IST - [ERROR] - Error uploading file for email: undefined
20/9/2023, 14:46:55 IST - [READ] - Read data for id: 9129906830
20/9/2023, 14:46:56 IST - [READ] - Read data for id: 9129906830
20/9/2023, 14:47:15 IST - [ERROR] - Error uploading file for email: undefined
20/9/2023, 14:47:58 IST - [ERROR] - Error uploading file for id: 0466298716
20/9/2023, 14:55:33 IST - [INSERT] - Teacher Data is updated for id: 0466298716
20/9/2023, 14:56:53 IST - [INSERT] - Teacher Data is updated for id: 0466298716
20/9/2023, 15:07:44 IST - [INSERT] - image is uploaded for id: 0466298716
20/9/2023, 15:07:44 IST - [ERROR] - Error uploading file for id: 0466298716
20/9/2023, 15:12:38 IST - [INSERT] - image is uploaded for id: 0466298716
20/9/2023, 15:12:38 IST - [ERROR] - Error uploading file for id: 0466298716
20/9/2023, 15:15:58 IST - [INSERT] - image is uploaded for id: 0466298716
20/9/2023, 15:15:58 IST - [ERROR] - Error uploading file for id: 0466298716
20/9/2023, 15:16:59 IST - [INSERT] - image is uploaded for id: 0466298716
20/9/2023, 15:19:41 IST - [INSERT] - image is uploaded for id: 0466298716
20/9/2023, 15:30:09 IST - [INSERT] - image is uploaded for id: 0466298716
20/9/2023, 15:34:12 IST - [INSERT] - image is uploaded for id: 0466298716
20/9/2023, 15:54:19 IST - [INSERT] - image is uploaded for id: 0466298716
20/9/2023, 15:54:55 IST - [INSERT] - image is uploaded for id: 0466298716
20/9/2023, 15:56:38 IST - [INSERT] - image is uploaded for id: 0466298716
20/9/2023, 15:58:30 IST - [INSERT] - image is uploaded for id: 0466298716
20/9/2023, 16:02:01 IST - [INSERT] - image is uploaded for id: 0466298716
20/9/2023, 16:27:35 IST - [READ] - Read data for id: 9129906830
20/9/2023, 16:27:36 IST - [READ] - Read data for id: 9129906830
20/9/2023, 16:28:10 IST - [INSERT] - image is uploaded for id: 7035851342
20/9/2023, 16:34:33 IST - [INSERT] - image is uploaded for id: 0466298716
20/9/2023, 16:40:13 IST - [INSERT] - image is uploaded for id: 0466298716
20/9/2023, 16:44:32 IST - [INSERT] - image is uploaded for id: 0466298716
20/9/2023, 16:44:32 IST - [ERROR] - Error uploading file for id: 0466298716
20/9/2023, 16:45:45 IST - [INSERT] - image is uploaded for id: 0466298716
20/9/2023, 16:45:45 IST - [ERROR] - Error uploading file for id: 0466298716
20/9/2023, 16:46:18 IST - [INSERT] - image is uploaded for id: 0466298716
20/9/2023, 16:46:18 IST - [ERROR] - Error uploading file for id: 0466298716
20/9/2023, 16:48:14 IST - [INSERT] - image is uploaded for id: 0466298716
20/9/2023, 16:50:30 IST - [INSERT] - image is uploaded for id: 0466298716
20/9/2023, 16:50:30 IST - [UPDATED] - Teacher data is updated for id: 0466298716
20/9/2023, 16:51:29 IST - [READ] - Read data for id: 9129906830
20/9/2023, 16:51:30 IST - [READ] - Read data for id: 9129906830
20/9/2023, 16:52:33 IST - [READ] - Read data for id: 9129906830
20/9/2023, 16:52:34 IST - [READ] - Read data for id: 9129906830
21/9/2023, 14:49:30 IST - [INSERT] - image is uploaded for id: 7035851342
21/9/2023, 14:49:30 IST - [UPDATED] - Teacher data is updated for id: 7035851342
21/9/2023, 14:49:47 IST - [READ] - Read data for id: 9129906830
21/9/2023, 14:49:48 IST - [READ] - Read data for id: 9129906830
21/9/2023, 14:53:46 IST - [READ] - Read data for id: 9129906830
21/9/2023, 14:53:48 IST - [READ] - Read data for id: 9129906830
21/9/2023, 15:03:38 IST - [READ] - Read data for id: 9129906830
21/9/2023, 15:03:38 IST - [READ] - Read data for id: 9129906830
21/9/2023, 15:12:30 IST - [READ] - Read data for id: 9129906830
21/9/2023, 15:12:31 IST - [READ] - Read data for id: 9129906830
21/9/2023, 15:16:37 IST - [READ] - Read data for id: 9129906830
21/9/2023, 15:16:37 IST - [READ] - Read data for id: 9129906830
21/9/2023, 15:17:05 IST - [READ] - Read data for id: 9129906830
21/9/2023, 15:17:05 IST - [READ] - Read data for id: 9129906830
21/9/2023, 15:18:37 IST - [READ] - Read data for id: 9129906830
21/9/2023, 15:18:37 IST - [READ] - Read data for id: 9129906830
21/9/2023, 15:18:53 IST - [READ] - Read data for id: 9129906830
21/9/2023, 15:18:53 IST - [READ] - Read data for id: 9129906830
21/9/2023, 15:19:10 IST - [READ] - Read data for id: 9129906830
21/9/2023, 15:19:10 IST - [READ] - Read data for id: 9129906830
21/9/2023, 15:22:01 IST - [READ] - Read data for id: 9129906830
21/9/2023, 15:22:01 IST - [READ] - Read data for id: 9129906830
21/9/2023, 15:22:30 IST - [READ] - Read data for id: 9129906830
21/9/2023, 15:22:30 IST - [READ] - Read data for id: 9129906830
21/9/2023, 15:22:40 IST - [READ] - Read data for id: 9129906830
21/9/2023, 15:22:40 IST - [READ] - Read data for id: 9129906830
21/9/2023, 15:23:06 IST - [READ] - Read data for id: 9129906830
21/9/2023, 15:23:07 IST - [READ] - Read data for id: 9129906830
21/9/2023, 15:26:26 IST - [READ] - Read data for id: 9129906830
21/9/2023, 15:26:26 IST - [READ] - Read data for id: 9129906830
21/9/2023, 15:30:34 IST - [READ] - Read data for id: 9129906830
21/9/2023, 15:30:34 IST - [READ] - Read data for id: 9129906830
21/9/2023, 15:30:44 IST - [READ] - Read data for id: 9129906830
21/9/2023, 15:30:45 IST - [READ] - Read data for id: 9129906830
21/9/2023, 15:31:43 IST - [ERROR] - Error detected for email: example2@example.com
21/9/2023, 15:32:08 IST - [ERROR] - Error detected for email: example2@example.com
21/9/2023, 15:32:34 IST - [INSERT] - Teacher Data is inserted for email: example2@example.com
21/9/2023, 15:32:35 IST - [READ] - Read data for id: 9129906830
21/9/2023, 15:34:46 IST - [READ] - Read data for id: 9129906830
21/9/2023, 15:34:46 IST - [READ] - Read data for id: 9129906830
21/9/2023, 15:35:11 IST - [READ] - Read data for id: 9129906830
21/9/2023, 15:35:12 IST - [READ] - Read data for id: 9129906830
21/9/2023, 15:36:06 IST - [READ] - Read data for id: 9129906830
21/9/2023, 15:36:06 IST - [READ] - Read data for id: 9129906830
21/9/2023, 15:37:37 IST - [READ] - Read data for id: 9129906830
21/9/2023, 15:37:37 IST - [READ] - Read data for id: 9129906830
21/9/2023, 15:38:44 IST - [READ] - Read data for id: 9129906830
21/9/2023, 15:38:45 IST - [READ] - Read data for id: 9129906830
21/9/2023, 15:41:02 IST - [READ] - Read data for id: 9129906830
21/9/2023, 15:41:03 IST - [READ] - Read data for id: 9129906830
21/9/2023, 15:41:40 IST - [INSERT] - Teacher Data is inserted for email: krishna@gmail.com
21/9/2023, 15:41:41 IST - [READ] - Read data for id: 9129906830
21/9/2023, 15:48:13 IST - [READ] - Read data for id: 9129906830
21/9/2023, 15:48:13 IST - [READ] - Read data for id: 9129906830
21/9/2023, 15:48:26 IST - [READ] - Read data for id: 9129906830
21/9/2023, 15:48:27 IST - [READ] - Read data for id: 9129906830
21/9/2023, 15:49:02 IST - [READ] - Read data for id: 9129906830
21/9/2023, 15:49:03 IST - [READ] - Read data for id: 9129906830
21/9/2023, 15:49:44 IST - [READ] - Read data for id: 9129906830
21/9/2023, 15:49:45 IST - [READ] - Read data for id: 9129906830
21/9/2023, 15:51:12 IST - [READ] - Read data for id: 9129906830
21/9/2023, 15:51:12 IST - [READ] - Read data for id: 9129906830
21/9/2023, 15:57:11 IST - [READ] - Read data for id: 9129906830
21/9/2023, 15:57:11 IST - [READ] - Read data for id: 9129906830
21/9/2023, 15:58:01 IST - [READ] - Read data for id: 9129906830
21/9/2023, 15:58:01 IST - [READ] - Read data for id: 9129906830
21/9/2023, 15:58:25 IST - [READ] - Read data for id: 9129906830
21/9/2023, 15:58:25 IST - [READ] - Read data for id: 9129906830
21/9/2023, 16:04:01 IST - [READ] - Read data for id: 9129906830
21/9/2023, 16:04:02 IST - [READ] - Read data for id: 9129906830
21/9/2023, 16:04:05 IST - [READ] - Read data for id: 9129906830
21/9/2023, 16:04:05 IST - [READ] - Read data for id: 9129906830
21/9/2023, 16:06:27 IST - [READ] - Read data for id: 9129906830
21/9/2023, 16:06:28 IST - [READ] - Read data for id: 9129906830
21/9/2023, 16:07:39 IST - [READ] - Read data for id: 9129906830
21/9/2023, 16:07:40 IST - [READ] - Read data for id: 9129906830
21/9/2023, 16:08:34 IST - [READ] - Read data for id: 9129906830
21/9/2023, 16:08:34 IST - [READ] - Read data for id: 9129906830
21/9/2023, 16:08:37 IST - [READ] - Read data for id: 9129906830
21/9/2023, 16:08:37 IST - [READ] - Read data for id: 9129906830
21/9/2023, 16:14:51 IST - [READ] - Read data for id: 9129906830
21/9/2023, 16:14:52 IST - [READ] - Read data for id: 9129906830
21/9/2023, 16:17:57 IST - [READ] - Read data for id: 9129906830
21/9/2023, 16:17:57 IST - [READ] - Read data for id: 9129906830
21/9/2023, 16:26:58 IST - [READ] - Read data for id: 9129906830
21/9/2023, 16:26:59 IST - [READ] - Read data for id: 9129906830
21/9/2023, 16:28:18 IST - [READ] - Read data for id: 9129906830
21/9/2023, 16:28:18 IST - [READ] - Read data for id: 9129906830
21/9/2023, 16:28:31 IST - [INSERT] - Teacher Data is inserted for email: example2@example.com
21/9/2023, 16:28:32 IST - [READ] - Read data for id: 9129906830
21/9/2023, 16:30:00 IST - [READ] - Read data for id: 9129906830
21/9/2023, 16:30:00 IST - [READ] - Read data for id: 9129906830
21/9/2023, 16:31:25 IST - [READ] - Read data for id: 9129906830
21/9/2023, 16:31:26 IST - [READ] - Read data for id: 9129906830
21/9/2023, 16:33:30 IST - [READ] - Read data for id: 9129906830
21/9/2023, 16:33:31 IST - [READ] - Read data for id: 9129906830
22/9/2023, 15:28:07 IST - [READ] - Read data for id: undefined
22/9/2023, 15:45:15 IST - [READ] - Read data for id: undefined
22/9/2023, 15:48:19 IST - [EMPTY] - School not found for email: kriti@gmail.com 
22/9/2023, 15:54:22 IST - [READ] - Read data for email: kriti@gmail.com
22/9/2023, 15:56:01 IST - [READ] - Read data for email: kriti@gmail.com
22/9/2023, 16:04:38 IST - [EMPTY] - School not found for email: kriti@gmail.com 
22/9/2023, 16:07:19 IST - [EMPTY] - School not found for email: kriti@gmail.com 
22/9/2023, 16:08:10 IST - [ERROR] - Error detected for email: kriti@gmail.com
22/9/2023, 16:10:36 IST - [ERROR] - Error detected for email: kriti@gmail.com
22/9/2023, 16:10:48 IST - [READ] - Read data for email: kriti@gmail.com
22/9/2023, 16:15:00 IST - [READ] - Read data for email: kriti@gmail.com
22/9/2023, 16:16:27 IST - [READ] - Read data for email: kriti@gmail.com
22/9/2023, 16:20:33 IST - [READ] - Read data for email: kriti@gmail.com
22/9/2023, 16:23:25 IST - [READ] - Read data for email: kriti@gmail.com
22/9/2023, 16:24:51 IST - [READ] - Read data for email: kriti@gmail.com
22/9/2023, 16:26:31 IST - [READ] - Read data for email: kriti@gmail.com
22/9/2023, 16:27:10 IST - [READ] - Read data for email: kriti@gmail.com
22/9/2023, 16:29:13 IST - [READ] - Read data for email: kriti@gmail.com
22/9/2023, 16:30:59 IST - [EMPTY] - School not found for email: kriti@gmail.com 
22/9/2023, 16:33:36 IST - [READ] - Read data for email: kriti@gmail.com
22/9/2023, 16:36:27 IST - [READ] - Read data for email: kriti@gmail.com
22/9/2023, 16:36:35 IST - [READ] - Read data for email: kriti@gmail.com
22/9/2023, 16:36:44 IST - [READ] - Read data for email: kriti@gmail.com
23/9/2023, 14:41:19 IST - [READ] - Read data for email: kriti@gmail.com
23/9/2023, 14:48:00 IST - [READ] - Read data for email: kriti@gmail.com
23/9/2023, 17:14:10 IST - [ERROR] - Error detected for email: undefined
23/9/2023, 17:14:10 IST - [ERROR] - Error detected for email: undefined
23/9/2023, 17:20:19 IST - [ERROR] - Error detected for email: undefined
23/9/2023, 17:20:19 IST - [ERROR] - Error detected for email: undefined
23/9/2023, 17:22:05 IST - [READ] - Read data for id: 9129906830
23/9/2023, 17:22:06 IST - [READ] - Read data for id: 9129906830
23/9/2023, 17:22:49 IST - [READ] - Read data for id: 9129906830
23/9/2023, 17:22:50 IST - [READ] - Read data for id: 9129906830
23/9/2023, 17:24:19 IST - [READ] - Read data for id: 9129906830
23/9/2023, 17:24:20 IST - [READ] - Read data for id: 9129906830
23/9/2023, 17:24:27 IST - [READ] - Read data for id: 9129906830
23/9/2023, 17:24:28 IST - [READ] - Read data for id: 9129906830
23/9/2023, 17:24:34 IST - [READ] - Read data for id: 9129906830
23/9/2023, 17:24:35 IST - [READ] - Read data for id: 9129906830
23/9/2023, 17:24:45 IST - [READ] - Read data for id: 9129906830
23/9/2023, 17:24:45 IST - [READ] - Read data for id: 9129906830
23/9/2023, 17:30:31 IST - [READ] - Read data for email: kriti@gmail.com
24/9/2023, 10:38:35 IST - [READ] - Read data for email: kriti@gmail.com
24/9/2023, 11:17:54 IST - [READ] - Read data for email: kriti@gmail.com
24/9/2023, 11:23:13 IST - [READ] - Read data for email: kriti@gmail.com
25/9/2023, 10:22:29 IST - [READ] - Read data for email: kriti@gmail.com
25/9/2023, 10:22:38 IST - [READ] - Read data for email: kriti@gmail.com
25/9/2023, 11:14:08 IST - [READ] - Read data for email: kriti@gmail.com
25/9/2023, 11:14:36 IST - [EMPTY] - School not found for email: kriti@gmail.com 
25/9/2023, 12:11:45 IST - [READ] - Read data for email: kriti@gmail.com
25/9/2023, 12:14:32 IST - [READ] - Read data for email: kriti@gmail.com
25/9/2023, 12:14:43 IST - [READ] - Read data for email: kriti@gmail.com
25/9/2023, 12:20:44 IST - [READ] - Read data for email: kriti@gmail.com
25/9/2023, 12:22:07 IST - [READ] - Read data for email: kriti@gmail.com
